<?xml version="1.0" encoding="UTF-8"?>
<!-- Generated by org.testng.reporters.JUnitXMLReporter -->
<testsuite hostname="christiandlo" ignored="0" name="Default test" tests="5" failures="0" timestamp="10 dic 2017 21:55:00 GMT" time="38.178" errors="0">
  <testcase name="ingresaUser" time="11.264" classname="SeleniumJenkinsTestNGprueba1.AccesoUser"/>
  <testcase name="getTitleAutentiaTest" time="5.891" classname="SeleniumJenkinsTestNGprueba1.Titulo"/>
  <testcase name="getTitleAutentiaTest" time="6.867" classname="SeleniumJenkinsTestNGprueba1.Prueba_deElementos"/>
  <testcase name="getTitleAutentiaTest" time="7.318" classname="SeleniumJenkinsTestNGprueba1.Prueba_deElementocss"/>
  <testcase name="botonBuscarID" time="6.807" classname="SeleniumJenkinsTestNGprueba1.ElemetoID_buscar"/>
</testsuite> <!-- Default test -->
