<?xml version="1.0" encoding="UTF-8"?>
<testng-results skipped="0" failed="0" ignored="0" total="5" passed="5">
  <reporter-output>
  </reporter-output>
  <suite name="Default suite" duration-ms="38178" started-at="2017-12-10T21:54:22Z" finished-at="2017-12-10T21:55:00Z">
    <groups>
    </groups>
    <test name="Default test" duration-ms="38178" started-at="2017-12-10T21:54:22Z" finished-at="2017-12-10T21:55:00Z">
      <class name="SeleniumJenkinsTestNGprueba1.AccesoUser">
        <test-method status="PASS" signature="ingresaUser()[pri:0, instance:SeleniumJenkinsTestNGprueba1.AccesoUser@3bfdc050]" name="ingresaUser" duration-ms="11264" started-at="2017-12-10T15:54:22Z" finished-at="2017-12-10T15:54:33Z">
          <reporter-output>
          </reporter-output>
        </test-method> <!-- ingresaUser -->
      </class> <!-- SeleniumJenkinsTestNGprueba1.AccesoUser -->
      <class name="SeleniumJenkinsTestNGprueba1.ElemetoID_buscar">
        <test-method status="PASS" signature="botonBuscarID()[pri:0, instance:SeleniumJenkinsTestNGprueba1.ElemetoID_buscar@6a4f787b]" name="botonBuscarID" duration-ms="6807" started-at="2017-12-10T15:54:54Z" finished-at="2017-12-10T15:55:00Z">
          <reporter-output>
          </reporter-output>
        </test-method> <!-- botonBuscarID -->
      </class> <!-- SeleniumJenkinsTestNGprueba1.ElemetoID_buscar -->
      <class name="SeleniumJenkinsTestNGprueba1.Prueba_deElementos">
        <test-method status="PASS" signature="getTitleAutentiaTest()[pri:0, instance:SeleniumJenkinsTestNGprueba1.Prueba_deElementos@91161c7]" name="getTitleAutentiaTest" duration-ms="6867" started-at="2017-12-10T15:54:39Z" finished-at="2017-12-10T15:54:46Z">
          <reporter-output>
          </reporter-output>
        </test-method> <!-- getTitleAutentiaTest -->
      </class> <!-- SeleniumJenkinsTestNGprueba1.Prueba_deElementos -->
      <class name="SeleniumJenkinsTestNGprueba1.Prueba_deElementocss">
        <test-method status="PASS" signature="getTitleAutentiaTest()[pri:0, instance:SeleniumJenkinsTestNGprueba1.Prueba_deElementocss@604ed9f0]" name="getTitleAutentiaTest" duration-ms="7318" started-at="2017-12-10T15:54:46Z" finished-at="2017-12-10T15:54:54Z">
          <reporter-output>
          </reporter-output>
        </test-method> <!-- getTitleAutentiaTest -->
      </class> <!-- SeleniumJenkinsTestNGprueba1.Prueba_deElementocss -->
      <class name="SeleniumJenkinsTestNGprueba1.Titulo">
        <test-method status="PASS" signature="getTitleAutentiaTest()[pri:0, instance:SeleniumJenkinsTestNGprueba1.Titulo@5c3bd550]" name="getTitleAutentiaTest" duration-ms="5891" started-at="2017-12-10T15:54:33Z" finished-at="2017-12-10T15:54:39Z">
          <reporter-output>
          </reporter-output>
        </test-method> <!-- getTitleAutentiaTest -->
      </class> <!-- SeleniumJenkinsTestNGprueba1.Titulo -->
    </test> <!-- Default test -->
  </suite> <!-- Default suite -->
</testng-results>
